<?xml version="1.0" encoding="UTF-8"?>
<testsuite name="trip.planner.TripSpec" tests="1" skipped="0" failures="1" errors="0" timestamp="2016-06-22T14:04:48" hostname="Leas-MacBook-Air.local" time="0.169">
  <properties/>
  <testcase name="test something" classname="trip.planner.TripSpec" time="0.169">
    <failure message="Condition not satisfied:&#10;&#10;true == false&#10;     |&#10;     false&#10;" type="org.spockframework.runtime.SpockComparisonFailure">Condition not satisfied:

true == false
     |
     false

	at trip.planner.TripSpec.test something(TripSpec.groovy:20)
</failure>
  </testcase>
  <system-out><![CDATA[]]></system-out>
  <system-err><![CDATA[]]></system-err>
</testsuite>
